(08:06:06) INFO:    [Legendary]:        Legendary location: /opt/Heroic/resources/app.asar.unpacked/build/bin/x64/linux/legendary
(08:06:06) INFO:    [Gog]:              GOGDL location: /opt/Heroic/resources/app.asar.unpacked/build/bin/x64/linux/gogdl
(08:06:06) INFO:    [Connection]:       Connectivity: check-online
(08:06:06) INFO:    [Connection]:       Pinging external endpoints
(08:06:06) INFO:    [Gog]:              Checking for existing gog manifests
(08:06:06) INFO:    [Nile]:             Refreshing library...
(08:06:06) INFO:    [Nile]:             Refreshing Amazon Games...
(08:06:06) INFO:    [Nile]:             Running command: NILE_CONFIG_PATH=/home/dorrel/.config/heroic/nile_config /opt/Heroic/resources/app.asar.unpacked/build/bin/x64/linux/nile library sync
(08:06:06) INFO:    [Nile]:             Game list updated, got 414 games
(08:06:06) WARNING: [Backend]:          Protocol already registered.
(08:06:07) INFO:    [Connection]:       Connectivity: online
(08:06:07) INFO:    [Backend]:          User Not Found, removing it from Store
(08:06:07) INFO:    [Gog]:              Checking if login is valid
(08:06:07) INFO:    [Gog]:              Running command: GOGDL_CONFIG_PATH=/home/dorrel/.config/heroic/gogdlConfig /opt/Heroic/resources/app.asar.unpacked/build/bin/x64/linux/gogdl --auth-config-path /home/dorrel/.config/heroic/gog_store/auth.json auth
(08:06:07) INFO:    [Gog]:              Running command: GOGDL_CONFIG_PATH=/home/dorrel/.config/heroic/gogdlConfig /opt/Heroic/resources/app.asar.unpacked/build/bin/x64/linux/gogdl --auth-config-path /home/dorrel/.config/heroic/gog_store/auth.json auth
(08:06:07) INFO:    [Gog]:              Running command: GOGDL_CONFIG_PATH=/home/dorrel/.config/heroic/gogdlConfig /opt/Heroic/resources/app.asar.unpacked/build/bin/x64/linux/gogdl --auth-config-path /home/dorrel/.config/heroic/gog_store/auth.json auth
(08:06:07) INFO:    [Backend]:          AreWeAntiCheatYet data downloaded
(08:06:07) INFO:    [Nile]:             Saved user data to config file
(08:06:07) INFO:    [Frontend]:         Refreshing undefined Library
(08:06:07) WARNING: [Backend]:          refresh not implemented on Sideload Library Manager
(08:06:07) INFO:    [Legendary]:        Refreshing library...
(08:06:07) INFO:    [Nile]:             Refreshing library...
(08:06:07) INFO:    [Nile]:             Refreshing Amazon Games...
(08:06:07) INFO:    [Nile]:             Running command: NILE_CONFIG_PATH=/home/dorrel/.config/heroic/nile_config /opt/Heroic/resources/app.asar.unpacked/build/bin/x64/linux/nile library sync
(08:06:07) INFO:    [Nile]:             Game list updated, got 414 games
(08:06:07) INFO:    [Gog]:              Running command: GOGDL_CONFIG_PATH=/home/dorrel/.config/heroic/gogdlConfig /opt/Heroic/resources/app.asar.unpacked/build/bin/x64/linux/gogdl --auth-config-path /home/dorrel/.config/heroic/gog_store/auth.json auth
(08:06:07) INFO:    [Backend]:          Frontend Ready
(08:06:07) INFO:    [Gog]:              Getting GOG library
(08:06:07) INFO:    [Gog]:              Running command: GOGDL_CONFIG_PATH=/home/dorrel/.config/heroic/gogdlConfig /opt/Heroic/resources/app.asar.unpacked/build/bin/x64/linux/gogdl --auth-config-path /home/dorrel/.config/heroic/gog_store/auth.json auth
(08:06:07) INFO:    [Legendary]:        Running command: LEGENDARY_CONFIG_PATH=/home/dorrel/.config/heroic/legendaryConfig/legendary /opt/Heroic/resources/app.asar.unpacked/build/bin/x64/linux/legendary --version
(08:06:07) INFO:    [Gog]:              Running command: GOGDL_CONFIG_PATH=/home/dorrel/.config/heroic/gogdlConfig /opt/Heroic/resources/app.asar.unpacked/build/bin/x64/linux/gogdl --auth-config-path /home/dorrel/.config/heroic/gog_store/auth.json --version
(08:06:08) INFO:    [Nile]:             Running command: NILE_CONFIG_PATH=/home/dorrel/.config/heroic/nile_config /opt/Heroic/resources/app.asar.unpacked/build/bin/x64/linux/nile --version
(08:06:08) INFO:    [Backend]:          Checking for new Heroic Updates
(08:06:09) INFO:    [Gog]:              GOG presence set
(08:06:09) INFO:    [Backend]:          
System Information:
CPU: 8x AMD FX(tm)-8350 Eight-Core Processor
Memory: 16.73 GB (used: 10.16 GB)
GPUs:
  GPU 0:
    Name: NVIDIA Corporation TU116 [GeForce GTX 1660 SUPER]
    IDs: D=21c4 V=10de SD=877e SV=1043
    Driver: nvidia
OS: EndeavourOS 6.12.31-1-lts (linux)

The current system is not a Steam Deck
We are not running inside a Flatpak container

Software Versions:
  Heroic: 2.17.1 Cutty Flam Franky
  Legendary: 0.20.37 Exit 17 (Heroic)
  gogdl: 1.1.2
  comet: comet 0.2.0
  Nile: 1.1.2 Will A. Zeppeli

(08:06:09) INFO:    [Winetricks]:       Downloading Winetricks
(08:06:09) INFO:    [Backend]:          Checking for current version changelog
(08:06:09) INFO:    [Frontend]:         Updated to a new version, cleaaning up the cache.
(08:06:09) INFO:    [Legendary]:        Running command: LEGENDARY_CONFIG_PATH=/home/dorrel/.config/heroic/legendaryConfig/legendary /opt/Heroic/resources/app.asar.unpacked/build/bin/x64/linux/legendary cleanup
(08:06:09) INFO:    [Gog]:              Saved username to config file
(08:06:09) INFO:    [DXVKInstaller]:    Updating vkd3d to: vkd3d-proton-2.14
(08:06:09) INFO:    [DXVKInstaller]:    Updating dxvk to: dxvk-2.6.2
(08:06:09) INFO:    [DXVKInstaller]:    Updating dxvk-nvapi to: dxvk-nvapi-v0.9.0
(08:06:11) INFO:    [WineDownloader]:   Updating wine versions info
(08:06:11) INFO:    [WineDownloader]:   Fetching upstream information...
(08:06:11) INFO:    [WineDownloader]:   wine versions updated
(08:06:12) INFO:    [DownloadManager]:  Downloader: Finished downloading https://github.com/Heroic-Games-Launcher/vkd3d-proton/releases/download/v2.14/vkd3d-proton-2.14.tar.xz
(08:06:12) INFO:    [DXVKInstaller]:    Downloaded vkd3d, extracting...
(08:06:12) INFO:    [DXVKInstaller]:    vkd3d updated!
(08:06:12) INFO:    [Backend]:          Starting the Download Queue
(08:06:12) INFO:    [DownloadManager]:  Downloader: Finished downloading https://github.com/jp7677/dxvk-nvapi/releases/download/v0.9.0/dxvk-nvapi-v0.9.0.tar.gz
(08:06:12) INFO:    [DXVKInstaller]:    Downloaded dxvk-nvapi, extracting...
(08:06:12) INFO:    [DXVKInstaller]:    dxvk-nvapi updated!
(08:06:13) INFO:    [DownloadManager]:  Downloader: Finished downloading https://github.com/doitsujin/dxvk/releases/download/v2.6.2/dxvk-2.6.2.tar.gz
(08:06:13) INFO:    [DXVKInstaller]:    Downloaded dxvk, extracting...
(08:06:13) INFO:    [DXVKInstaller]:    dxvk updated!
(08:06:20) INFO:    [Gog]:              Saved games data
(08:06:20) WARNING: [Backend]:          listUpdateableGames not implemented on Sideload Library Manager
(08:06:20) INFO:    [Gog]:              Running command: GOGDL_CONFIG_PATH=/home/dorrel/.config/heroic/gogdlConfig /opt/Heroic/resources/app.asar.unpacked/build/bin/x64/linux/gogdl --auth-config-path /home/dorrel/.config/heroic/gog_store/auth.json auth
(08:06:21) INFO:    [Gog]:              Found 0 game(s) to update
(08:06:21) INFO:    [Nile]:             Looking for updates...
(08:06:21) INFO:    [Nile]:             Running command: NILE_CONFIG_PATH=/home/dorrel/.config/heroic/nile_config /opt/Heroic/resources/app.asar.unpacked/build/bin/x64/linux/nile list-updates --json
(08:06:22) INFO:    [Frontend]:         No cache found, getting data from nile...
(08:06:22) INFO:    [Nile]:             Refreshing library...
(08:06:22) INFO:    [Nile]:             Refreshing Amazon Games...
(08:06:22) INFO:    [Nile]:             Running command: NILE_CONFIG_PATH=/home/dorrel/.config/heroic/nile_config /opt/Heroic/resources/app.asar.unpacked/build/bin/x64/linux/nile library sync
(08:06:22) INFO:    [Nile]:             Game list updated, got 414 games
(08:06:22) INFO:    [Frontend]:         Force Update
(08:06:32) INFO:    [Gog]:              Running command: GOGDL_CONFIG_PATH=/home/dorrel/.config/heroic/gogdlConfig /opt/Heroic/resources/app.asar.unpacked/build/bin/x64/linux/gogdl --auth-config-path /home/dorrel/.config/heroic/gog_store/auth.json auth
